* using log directory 'C:/Users/Keven/Documents/GitHub/MSGARCH public/MSGARCH/package.Rcheck'
* using R version 3.4.1 (2017-06-30)
* using platform: x86_64-w64-mingw32 (64-bit)
* using session charset: ISO8859-1
* using option '--as-cran'
* checking for file 'package/DESCRIPTION' ... OK
* checking extension type ... Package
* this is package 'MSGARCH' version '2.1'
* checking CRAN incoming feasibility ... NOTE
Maintainer: 'Keven Bluteau <Keven.Bluteau@unine.ch>'

The build time stamp is missing.
* checking package namespace information ... OK
* checking package dependencies ... OK
* checking if this is a source package ... WARNING
Subdirectory 'MSGARCH/src' contains apparent object files/libraries
  C:/Users/Keven/Documents/GitHub/MSGARCH
  public/MSGARCH/package/src/Decoding.o
  C:/Users/Keven/Documents/GitHub/MSGARCH
  public/MSGARCH/package/src/EM.o
  C:/Users/Keven/Documents/GitHub/MSGARCH
  public/MSGARCH/package/src/Egarch.o
  C:/Users/Keven/Documents/GitHub/MSGARCH
  public/MSGARCH/package/src/Ged.o
  C:/Users/Keven/Documents/GitHub/MSGARCH
  public/MSGARCH/package/src/MSGARCH.dll
  C:/Users/Keven/Documents/GitHub/MSGARCH
  public/MSGARCH/package/src/MSgarch.o
  C:/Users/Keven/Documents/GitHub/MSGARCH
  public/MSGARCH/package/src/Mapping.o
  C:/Users/Keven/Documents/GitHub/MSGARCH
  public/MSGARCH/package/src/Normal.o
  C:/Users/Keven/Documents/GitHub/MSGARCH
  public/MSGARCH/package/src/RcppExports.o
  C:/Users/Keven/Documents/GitHub/MSGARCH
  public/MSGARCH/package/src/Student.o
  C:/Users/Keven/Documents/GitHub/MSGARCH
  public/MSGARCH/package/src/Tgarch.o
  C:/Users/Keven/Documents/GitHub/MSGARCH
  public/MSGARCH/package/src/adaptMCMC.o
  C:/Users/Keven/Documents/GitHub/MSGARCH
  public/MSGARCH/package/src/gjrGARCH.o
  C:/Users/Keven/Documents/GitHub/MSGARCH
  public/MSGARCH/package/src/pdf_c.o
  C:/Users/Keven/Documents/GitHub/MSGARCH
  public/MSGARCH/package/src/sARCH.o
  C:/Users/Keven/Documents/GitHub/MSGARCH
  public/MSGARCH/package/src/sGARCH.o
Object files/libraries should not be included in a source package.
* checking if there is a namespace ... OK
* checking for executable files ... WARNING
Found the following executable file:
  src/MSGARCH.dll
Source packages should not contain undeclared executable files.
See section 'Package structure' in the 'Writing R Extensions' manual.
* checking for hidden files and directories ... NOTE
Found the following hidden files and directories:
  .Rhistory
  R/.Rhistory
These were most likely included in error. See section 'Package
structure' in the 'Writing R Extensions' manual.

CRAN-pack knows about all of these
* checking for portable file names ... OK
* checking whether package 'MSGARCH' can be installed ... ERROR
Installation failed.
See 'C:/Users/Keven/Documents/GitHub/MSGARCH public/MSGARCH/package.Rcheck/00install.out' for details.
* DONE
Status: 1 ERROR, 2 WARNINGs, 2 NOTEs
